     Checking data...
     
     VESSEL VELOCITIES:
     ******************
     
     Number of velocities:            NOVEL  =   1
     
     Velocity (knots)            Froude number (-)
     ---------------------------------------------
             0.00                    0.000
     ---------------------------------------------
     
     
     Empirical surge, sway and yaw motion limits applied
     in stern waves close to zero frequency of encounter.
     
     Generating new offsetpoints...
     Calculating hydrostatic properties..
     
     DATA-CHECK PROPERTIES
     *********************
     
     Main dimensions (from input):
     ______________________________________________________________
     
     Length between perpendiculars    (m)     20.000
     Breadth                          (m)      8.000
     Draught, midship                 (m)      0.500
     Sinkage                          (m)      0.000
     Trim, + = aft                  (deg)      0.000
     ______________________________________________________________
     
     Number of hulls:   2  -> Catamaran
     
     Coefficients for data check etc.:
     Type                                  Specified    Calculated
     ______________________________________________________________
     
     Displacement                (tonnes)      10.41         10.24*
     Vertical center of buoyancy,     KB                     0.250*
     Vertical center of gravity,      VCG      0.500*
     Longitudinal center of buoyancy, LCB                   10.000*
     Longitudinal center of gravity,  LCG     10.000        10.000*
     Longitudinal metacentric height, GMl                   66.589*
     Transverse metacentric height,   GMt                   27.956*
     Roll radius of gyration,         r44      1.000*
     Pitch radius of gyration,        r55      1.000*
     Yaw radius of gyration,          r66      1.000*
     Roll-yaw radius of gyration,     r46      0.000*
     ______________________________________________________________
     
     * - Applied in the hydrodynamic calculations
     
     Calculating hydrodynamic coefficients for velocity # 1;     0.00 knots:
     Calculating heading #01 :   0.00 deg...
     
     The program has completed successfully!
     
     
     Output of hydrostatic properties has been written to:
     input.hyd
     
     The output has been written to:
     input.out
     
     Motion transferfunction results are written to:
     input.re1
     
